                     DATE/TIME                   MESSAGE/VARIABLE                               DATA
    21-02-2024 17:35:34:807:2                       Opened socket                                 -
   21-02-2024 17:35:34:807:48           Server binding successful                                 -
   21-02-2024 17:35:34:807:72            Server listen successful                                 -
  21-02-2024 17:35:34:807:100                sent pid to watchdog                                 -
  21-02-2024 17:35:40:855:348               received watchdog pid                                 -
  21-02-2024 17:35:40:855:462                        watchdog_pid                              81134
  21-02-2024 17:35:40:865:681                     keypressedValue                                  0
  21-02-2024 17:35:40:865:778                      dronePositionY                                 15
  21-02-2024 17:35:40:865:844                      dronePositionX                                 15
  21-02-2024 17:35:40:966:435            Server performed 1 cycle                                 -
  21-02-2024 17:35:40:966:578                     keypressedValue                                 -1
  21-02-2024 17:35:40:966:640                      dronePositionY                                 15
  21-02-2024 17:35:40:966:697                      dronePositionX                                 15
   21-02-2024 17:35:41:67:252            Server performed 1 cycle                                 -
   21-02-2024 17:35:41:67:407                     keypressedValue                                 -1
   21-02-2024 17:35:41:67:476                      dronePositionY                                 15
   21-02-2024 17:35:41:67:540                      dronePositionX                                 15
  21-02-2024 17:35:41:167:866            Server performed 1 cycle                                 -
   21-02-2024 17:35:41:172:40                     keypressedValue                                 -1
  21-02-2024 17:35:41:172:154                      dronePositionY                                 15
  21-02-2024 17:35:41:172:221                      dronePositionX                                 15
  21-02-2024 17:35:41:272:493            Server performed 1 cycle                                 -
  21-02-2024 17:35:41:272:635                     keypressedValue                                 -1
  21-02-2024 17:35:41:272:699                      dronePositionY                                 15
  21-02-2024 17:35:41:272:756                      dronePositionX                                 15
   21-02-2024 17:35:41:373:39            Server performed 1 cycle                                 -
  21-02-2024 17:35:41:373:193                     keypressedValue                                 -1
  21-02-2024 17:35:41:373:262                      dronePositionY                                 15
  21-02-2024 17:35:41:373:326                      dronePositionX                                 15
  21-02-2024 17:35:41:473:903            Server performed 1 cycle                                 -
   21-02-2024 17:35:41:474:59                     keypressedValue                                 -1
  21-02-2024 17:35:41:474:128                      dronePositionY                                 15
  21-02-2024 17:35:41:474:192                      dronePositionX                                 15
  21-02-2024 17:35:41:574:789            Server performed 1 cycle                                 -
  21-02-2024 17:35:41:574:931                     keypressedValue                                 -1
  21-02-2024 17:35:41:574:993                      dronePositionY                                 15
   21-02-2024 17:35:41:575:50                      dronePositionX                                 15
  21-02-2024 17:35:41:675:557            Server performed 1 cycle                                 -
  21-02-2024 17:35:41:675:704                     keypressedValue                                 -1
  21-02-2024 17:35:41:675:767                      dronePositionY                                 15
  21-02-2024 17:35:41:675:906                      dronePositionX                                 15
  21-02-2024 17:35:41:776:157            Server performed 1 cycle                                 -
  21-02-2024 17:35:41:776:300                     keypressedValue                                 -1
  21-02-2024 17:35:41:776:362                      dronePositionY                                 15
  21-02-2024 17:35:41:776:419                      dronePositionX                                 15
  21-02-2024 17:35:41:855:789                                  Hi                                 -
  21-02-2024 17:35:41:876:955            Server performed 1 cycle                                 -
  21-02-2024 17:35:41:877:254                     keypressedValue                                 -1
  21-02-2024 17:35:41:877:316                      dronePositionY                                 15
  21-02-2024 17:35:41:877:374                      dronePositionX                                 15
  21-02-2024 17:35:41:977:589            Server performed 1 cycle                                 -
  21-02-2024 17:35:41:977:726                     keypressedValue                                 -1
  21-02-2024 17:35:41:977:793                      dronePositionY                                 15
  21-02-2024 17:35:41:977:856                      dronePositionX                                 15
   21-02-2024 17:35:42:78:306            Server performed 1 cycle                                 -
    21-02-2024 17:35:42:82:55                     keypressedValue                                 -1
   21-02-2024 17:35:42:82:169                      dronePositionY                                 15
   21-02-2024 17:35:42:82:238                      dronePositionX                                 15
   21-02-2024 17:35:42:158:77                                  Hi                                 -
  21-02-2024 17:35:42:182:688            Server performed 1 cycle                                 -
  21-02-2024 17:35:42:182:818                     keypressedValue                                 -1
  21-02-2024 17:35:42:182:886                      dronePositionY                                 15
  21-02-2024 17:35:42:182:948                      dronePositionX                                 15
  21-02-2024 17:35:42:283:640            Server performed 1 cycle                                 -
  21-02-2024 17:35:42:283:802                     keypressedValue                                 -1
  21-02-2024 17:35:42:283:906                      dronePositionY                                 15
  21-02-2024 17:35:42:283:977                      dronePositionX                                 15
  21-02-2024 17:35:42:360:390                                  Hi                                 -
  21-02-2024 17:35:42:396:740            Server performed 1 cycle                                 -
  21-02-2024 17:35:42:396:891                     keypressedValue                                 -1
  21-02-2024 17:35:42:396:953                      dronePositionY                                 15
   21-02-2024 17:35:42:397:11                      dronePositionX                                 15
  21-02-2024 17:35:42:497:550            Server performed 1 cycle                                 -
  21-02-2024 17:35:42:500:287                     keypressedValue                                 -1
  21-02-2024 17:35:42:500:404                      dronePositionY                                 15
  21-02-2024 17:35:42:500:472                      dronePositionX                                 15
  21-02-2024 17:35:42:574:901                                  Hi                                 -
  21-02-2024 17:35:42:601:268            Server performed 1 cycle                                 -
  21-02-2024 17:35:42:601:401                     keypressedValue                                 -1
  21-02-2024 17:35:42:601:468                      dronePositionY                                 15
  21-02-2024 17:35:42:601:648                      dronePositionX                                 15
  21-02-2024 17:35:42:702:230            Server performed 1 cycle                                 -
  21-02-2024 17:35:42:702:389                     keypressedValue                                 -1
  21-02-2024 17:35:42:702:458                      dronePositionY                                 15
  21-02-2024 17:35:42:702:521                      dronePositionX                                 15
  21-02-2024 17:35:42:777:194                                  Hi                                 -
   21-02-2024 17:35:42:803:41            Server performed 1 cycle                                 -
  21-02-2024 17:35:42:803:186                     keypressedValue                                 -1
  21-02-2024 17:35:42:803:248                      dronePositionY                                 15
  21-02-2024 17:35:42:803:306                      dronePositionX                                 15
  21-02-2024 17:35:42:903:929            Server performed 1 cycle                                 -
   21-02-2024 17:35:42:904:72                     keypressedValue                                 -1
  21-02-2024 17:35:42:904:134                      dronePositionY                                 15
  21-02-2024 17:35:42:904:192                      dronePositionX                                 15
  21-02-2024 17:35:42:979:557                                  Hi                                 -
    21-02-2024 17:35:43:4:665            Server performed 1 cycle                                 -
    21-02-2024 17:35:43:4:792                     keypressedValue                                 -1
    21-02-2024 17:35:43:4:854                      dronePositionY                                 15
    21-02-2024 17:35:43:4:911                      dronePositionX                                 15
  21-02-2024 17:35:43:105:441            Server performed 1 cycle                                 -
  21-02-2024 17:35:43:105:597                     keypressedValue                                 -1
  21-02-2024 17:35:43:105:667                      dronePositionY                                 15
  21-02-2024 17:35:43:105:731                      dronePositionX                                 15
  21-02-2024 17:35:43:181:763                                  Hi                                 -
  21-02-2024 17:35:43:206:175            Server performed 1 cycle                                 -
  21-02-2024 17:35:43:206:307                     keypressedValue                                 -1
  21-02-2024 17:35:43:206:374                      dronePositionY                                 15
  21-02-2024 17:35:43:206:438                      dronePositionX                                 15
  21-02-2024 17:35:43:307:152            Server performed 1 cycle                                 -
  21-02-2024 17:35:43:307:308                     keypressedValue                                 -1
  21-02-2024 17:35:43:307:377                      dronePositionY                                 15
  21-02-2024 17:35:43:307:442                      dronePositionX                                 15
  21-02-2024 17:35:43:383:691                                  Hi                                 -
  21-02-2024 17:35:43:408:328            Server performed 1 cycle                                 -
  21-02-2024 17:35:43:408:449                New client available                                 -
  21-02-2024 17:35:43:408:539                 Accepted new client                                 -
  21-02-2024 17:35:43:408:615                     Read ID message                                 -
  21-02-2024 17:35:43:408:761            Echoed target ID message                                 -
  21-02-2024 17:35:43:408:825                     Added target fd                                 -
  21-02-2024 17:35:43:408:939                    Sent window size                                 -
    21-02-2024 17:35:43:409:2                                  fd                                 50
  21-02-2024 17:35:43:409:283                      Read size echo                                 -
  21-02-2024 17:35:43:409:395                           Size echo                     25.000,100.000
  21-02-2024 17:35:43:409:479                     keypressedValue                                 -1
  21-02-2024 17:35:43:409:540                      dronePositionY                                 15
  21-02-2024 17:35:43:409:597                      dronePositionX                                 15
  21-02-2024 17:35:43:510:180            Server performed 1 cycle                                 -
  21-02-2024 17:35:43:510:305                New client available                                 -
  21-02-2024 17:35:43:510:395                 Accepted new client                                 -
  21-02-2024 17:35:43:510:470                     Read ID message                                 -
  21-02-2024 17:35:43:510:627            Echoed target ID message                                 -
  21-02-2024 17:35:43:510:812                    Sent window size                                 -
  21-02-2024 17:35:43:510:917                                  fd                                 51
  21-02-2024 17:35:43:511:159                      Read size echo                                 -
  21-02-2024 17:35:43:511:259                           Size echo                     25.000,100.000
  21-02-2024 17:35:43:511:403                     Read target pos                                 -
  21-02-2024 17:35:43:511:559                   Echoed target pos                                 -
  21-02-2024 17:35:43:511:666                         targetcount                                 15
  21-02-2024 17:35:43:511:763                              format                       5.000,63.000
  21-02-2024 17:35:43:511:900                              format                      22.000,50.000
  21-02-2024 17:35:43:511:981                              format                        8.000,2.000
   21-02-2024 17:35:43:512:40                              format                      14.000,32.000
   21-02-2024 17:35:43:512:98                              format                      11.000,33.000
  21-02-2024 17:35:43:512:155                              format                       6.000,63.000
  21-02-2024 17:35:43:512:211                              format                      24.000,22.000
  21-02-2024 17:35:43:512:268                              format                      10.000,31.000
  21-02-2024 17:35:43:512:327                              format                      11.000,46.000
  21-02-2024 17:35:43:512:384                              format                       5.000,81.000
  21-02-2024 17:35:43:512:441                              format                      18.000,62.000
  21-02-2024 17:35:43:512:497                              format                       4.000,65.000
  21-02-2024 17:35:43:512:554                              format                      20.000,12.000
  21-02-2024 17:35:43:512:610                              format                       9.000,70.000
  21-02-2024 17:35:43:512:667                              format                      20.000,14.000
  21-02-2024 17:35:43:512:723                        targets_YPos                                 63
  21-02-2024 17:35:43:512:779                        targets_YPos                                 50
  21-02-2024 17:35:43:512:833                        targets_YPos                                  2
  21-02-2024 17:35:43:512:888                        targets_YPos                                 32
  21-02-2024 17:35:43:512:943                        targets_YPos                                 33
  21-02-2024 17:35:43:512:997                        targets_YPos                                 63
   21-02-2024 17:35:43:513:51                        targets_YPos                                 22
  21-02-2024 17:35:43:513:105                        targets_YPos                                 31
  21-02-2024 17:35:43:513:160                        targets_YPos                                 46
  21-02-2024 17:35:43:513:241                        targets_YPos                                 81
  21-02-2024 17:35:43:513:296                        targets_YPos                                 62
  21-02-2024 17:35:43:513:350                        targets_YPos                                 65
  21-02-2024 17:35:43:513:404                        targets_YPos                                 12
  21-02-2024 17:35:43:513:459                        targets_YPos                                 70
  21-02-2024 17:35:43:513:513                        targets_YPos                                 14
  21-02-2024 17:35:43:513:567                        targets_YPos                                  0
  21-02-2024 17:35:43:513:621                        targets_YPos                                  0
  21-02-2024 17:35:43:513:676                        targets_YPos                                  0
  21-02-2024 17:35:43:513:730                        targets_YPos                                  0
  21-02-2024 17:35:43:513:784                        targets_YPos                                  0
  21-02-2024 17:35:43:513:840             Finished target ycoords                                 -
  21-02-2024 17:35:43:513:895                        targets_XPos                                  5
  21-02-2024 17:35:43:513:950                        targets_XPos                                 22
    21-02-2024 17:35:43:514:4                        targets_XPos                                  8
   21-02-2024 17:35:43:514:59                        targets_XPos                                 14
  21-02-2024 17:35:43:514:113                        targets_XPos                                 11
  21-02-2024 17:35:43:514:167                        targets_XPos                                  6
  21-02-2024 17:35:43:514:221                        targets_XPos                                 24
  21-02-2024 17:35:43:514:274                        targets_XPos                                 10
  21-02-2024 17:35:43:514:328                        targets_XPos                                 11
  21-02-2024 17:35:43:514:382                        targets_XPos                                  5
  21-02-2024 17:35:43:514:437                        targets_XPos                                 18
  21-02-2024 17:35:43:514:490                        targets_XPos                                  4
  21-02-2024 17:35:43:514:544                        targets_XPos                                 20
  21-02-2024 17:35:43:514:598                        targets_XPos                                  9
  21-02-2024 17:35:43:514:652                        targets_XPos                                 20
  21-02-2024 17:35:43:514:707                        targets_XPos                                  0
  21-02-2024 17:35:43:514:762                        targets_XPos                                  0
  21-02-2024 17:35:43:514:816                        targets_XPos                                  0
  21-02-2024 17:35:43:514:871                        targets_XPos                                  0
  21-02-2024 17:35:43:514:925                        targets_XPos                                  0
  21-02-2024 17:35:43:514:980             Finished target xcoords                                 -
   21-02-2024 17:35:43:515:65                     keypressedValue                                 -1
  21-02-2024 17:35:43:515:122                      dronePositionY                                 15
  21-02-2024 17:35:43:515:177                      dronePositionX                                 15
  21-02-2024 17:35:43:585:261                                  Hi                                 -
  21-02-2024 17:35:43:615:602            Server performed 1 cycle                                 -
  21-02-2024 17:35:43:615:738                   Read obstacle pos                                 -
  21-02-2024 17:35:43:615:912                 Echoed obstacle pos                                 -
   21-02-2024 17:35:43:616:29                         targetcount                                  8
  21-02-2024 17:35:43:616:135                              format                      11.000,82.000
  21-02-2024 17:35:43:616:208                              format                       4.000,87.000
  21-02-2024 17:35:43:616:274                              format                       14.000,4.000
  21-02-2024 17:35:43:616:339                              format                       3.000,16.000
  21-02-2024 17:35:43:616:404                              format                       9.000,93.000
  21-02-2024 17:35:43:616:468                              format                      21.000,40.000
  21-02-2024 17:35:43:616:533                              format                      19.000,76.000
  21-02-2024 17:35:43:616:597                              format                       9.000,50.000
  21-02-2024 17:35:43:616:662                      obstacles_YPos                                 82
  21-02-2024 17:35:43:616:724                      obstacles_YPos                                 87
  21-02-2024 17:35:43:616:785                      obstacles_YPos                                  4
  21-02-2024 17:35:43:616:847                      obstacles_YPos                                 16
  21-02-2024 17:35:43:616:908                      obstacles_YPos                                 93
  21-02-2024 17:35:43:616:968                      obstacles_YPos                                 40
   21-02-2024 17:35:43:617:29                      obstacles_YPos                                 76
   21-02-2024 17:35:43:617:90                      obstacles_YPos                                 50
  21-02-2024 17:35:43:617:150                      obstacles_YPos                                  0
  21-02-2024 17:35:43:617:211                      obstacles_YPos                                  0
  21-02-2024 17:35:43:617:273                      obstacles_YPos                                  0
  21-02-2024 17:35:43:617:333                      obstacles_YPos                                  0
  21-02-2024 17:35:43:617:394                      obstacles_YPos                                  0
  21-02-2024 17:35:43:617:455                      obstacles_YPos                                  0
  21-02-2024 17:35:43:617:518                      obstacles_YPos                                  0
  21-02-2024 17:35:43:617:579                      obstacles_YPos                                  0
  21-02-2024 17:35:43:617:640                      obstacles_YPos                                  0
  21-02-2024 17:35:43:617:700                      obstacles_YPos                                  0
  21-02-2024 17:35:43:617:761                      obstacles_YPos                                  0
  21-02-2024 17:35:43:617:822                      obstacles_YPos                                  0
  21-02-2024 17:35:43:617:883          Finished obstacles ycoords                                 -
  21-02-2024 17:35:43:617:943                      obstacles_XPos                                 11
    21-02-2024 17:35:43:618:4                      obstacles_XPos                                  4
   21-02-2024 17:35:43:618:65                      obstacles_XPos                                 14
  21-02-2024 17:35:43:618:126                      obstacles_XPos                                  3
  21-02-2024 17:35:43:618:187                      obstacles_XPos                                  9
  21-02-2024 17:35:43:618:250                      obstacles_XPos                                 21
  21-02-2024 17:35:43:618:310                      obstacles_XPos                                 19
  21-02-2024 17:35:43:618:371                      obstacles_XPos                                  9
  21-02-2024 17:35:43:618:432                      obstacles_XPos                                  0
  21-02-2024 17:35:43:618:492                      obstacles_XPos                                  0
  21-02-2024 17:35:43:618:553                      obstacles_XPos                                  0
  21-02-2024 17:35:43:618:638                      obstacles_XPos                                  0
  21-02-2024 17:35:43:618:705                      obstacles_XPos                                  0
  21-02-2024 17:35:43:618:760                      obstacles_XPos                                  0
  21-02-2024 17:35:43:618:815                      obstacles_XPos                                  0
  21-02-2024 17:35:43:618:870                      obstacles_XPos                                  0
   21-02-2024 17:35:43:619:58                      obstacles_XPos                                  0
  21-02-2024 17:35:43:619:117                      obstacles_XPos                                  0
  21-02-2024 17:35:43:619:172                      obstacles_XPos                                  0
  21-02-2024 17:35:43:619:227                      obstacles_XPos                                  0
  21-02-2024 17:35:43:619:282          Finished obstacles xcoords                                 -
  21-02-2024 17:35:43:619:358                     keypressedValue                                 -1
  21-02-2024 17:35:43:619:415                      dronePositionY                                 15
  21-02-2024 17:35:43:619:471                      dronePositionX                                 15
  21-02-2024 17:35:43:720:223            Server performed 1 cycle                                 -
  21-02-2024 17:35:43:720:384                     keypressedValue                                 -1
  21-02-2024 17:35:43:720:455                      dronePositionY                                 15
  21-02-2024 17:35:43:720:519                      dronePositionX                                 15
   21-02-2024 17:35:43:787:98                                  Hi                                 -
   21-02-2024 17:35:43:821:15            Server performed 1 cycle                                 -
  21-02-2024 17:35:43:821:157                     keypressedValue                                 -1
  21-02-2024 17:35:43:821:218                      dronePositionY                                 15
  21-02-2024 17:35:43:821:275                      dronePositionX                                 15
  21-02-2024 17:35:43:921:789            Server performed 1 cycle                                 -
  21-02-2024 17:35:43:921:943                     keypressedValue                                 -1
   21-02-2024 17:35:43:922:11                      dronePositionY                                 15
   21-02-2024 17:35:43:922:76                      dronePositionX                                 15
  21-02-2024 17:35:43:988:576                                  Hi                                 -
   21-02-2024 17:35:44:22:449            Server performed 1 cycle                                 -
   21-02-2024 17:35:44:22:499                     keypressedValue                                 -1
   21-02-2024 17:35:44:22:520                      dronePositionY                                 15
   21-02-2024 17:35:44:22:540                      dronePositionX                                 15
  21-02-2024 17:35:44:122:739            Server performed 1 cycle                                 -
  21-02-2024 17:35:44:122:902                     keypressedValue                                 -1
   21-02-2024 17:35:44:123:14                      dronePositionY                                 15
  21-02-2024 17:35:44:123:123                      dronePositionX                                 15
  21-02-2024 17:35:44:223:918            Server performed 1 cycle                                 -
   21-02-2024 17:35:44:224:88                     keypressedValue                                 -1
  21-02-2024 17:35:44:224:157                      dronePositionY                                 15
  21-02-2024 17:35:44:224:216                      dronePositionX                                 15
  21-02-2024 17:35:44:290:941                                  Hi                                 -
  21-02-2024 17:35:44:324:726            Server performed 1 cycle                                 -
  21-02-2024 17:35:44:324:912                     keypressedValue                                 -1
  21-02-2024 17:35:44:324:981                      dronePositionY                                 15
   21-02-2024 17:35:44:325:46                      dronePositionX                                 15
  21-02-2024 17:35:44:425:593            Server performed 1 cycle                                 -
  21-02-2024 17:35:44:425:659                     keypressedValue                                 -1
  21-02-2024 17:35:44:425:684                      dronePositionY                                 15
  21-02-2024 17:35:44:425:706                      dronePositionX                                 15
  21-02-2024 17:35:44:492:748                                  Hi                                 -
  21-02-2024 17:35:44:526:129            Server performed 1 cycle                                 -
  21-02-2024 17:35:44:526:284                     keypressedValue                                 -1
  21-02-2024 17:35:44:526:355                      dronePositionY                                 15
  21-02-2024 17:35:44:526:420                      dronePositionX                                 15
  21-02-2024 17:35:44:626:673            Server performed 1 cycle                                 -
  21-02-2024 17:35:44:626:808                     keypressedValue                                 -1
  21-02-2024 17:35:44:626:872                      dronePositionY                                 15
  21-02-2024 17:35:44:626:930                      dronePositionX                                 15
  21-02-2024 17:35:44:694:725                                  Hi                                 -
  21-02-2024 17:35:44:727:950            Server performed 1 cycle                                 -
  21-02-2024 17:35:44:728:109                     keypressedValue                                 -1
  21-02-2024 17:35:44:728:178                      dronePositionY                                 15
  21-02-2024 17:35:44:728:243                      dronePositionX                                 15
  21-02-2024 17:35:44:828:617            Server performed 1 cycle                                 -
  21-02-2024 17:35:44:828:770                     keypressedValue                                 -1
  21-02-2024 17:35:44:828:839                      dronePositionY                                 15
  21-02-2024 17:35:44:828:905                      dronePositionX                                 15
  21-02-2024 17:35:44:896:821                                  Hi                                 -
  21-02-2024 17:35:44:929:663            Server performed 1 cycle                                 -
  21-02-2024 17:35:44:929:830                     keypressedValue                                 -1
  21-02-2024 17:35:44:929:898                      dronePositionY                                 15
  21-02-2024 17:35:44:929:963                      dronePositionX                                 15
   21-02-2024 17:35:45:30:249            Server performed 1 cycle                                 -
   21-02-2024 17:35:45:30:393                     keypressedValue                                 -1
   21-02-2024 17:35:45:30:454                      dronePositionY                                 15
   21-02-2024 17:35:45:30:512                      dronePositionX                                 15
  21-02-2024 17:35:45:130:815            Server performed 1 cycle                                 -
  21-02-2024 17:35:45:130:969                     keypressedValue                                 -1
   21-02-2024 17:35:45:131:38                      dronePositionY                                 15
  21-02-2024 17:35:45:131:103                      dronePositionX                                 15
  21-02-2024 17:35:45:199:409                                  Hi                                 -
  21-02-2024 17:35:45:231:947            Server performed 1 cycle                                 -
   21-02-2024 17:35:45:232:99                     keypressedValue                                 -1
  21-02-2024 17:35:45:232:387                      dronePositionY                                 15
  21-02-2024 17:35:45:232:450                      dronePositionX                                 15
  21-02-2024 17:35:45:332:742            Server performed 1 cycle                                 -
  21-02-2024 17:35:45:332:890                     keypressedValue                                 -1
  21-02-2024 17:35:45:332:952                      dronePositionY                                 15
   21-02-2024 17:35:45:333:10                      dronePositionX                                 15
  21-02-2024 17:35:45:433:282            Server performed 1 cycle                                 -
  21-02-2024 17:35:45:433:432                     keypressedValue                                 -1
  21-02-2024 17:35:45:433:494                      dronePositionY                                 15
  21-02-2024 17:35:45:433:553                      dronePositionX                                 15
  21-02-2024 17:35:45:501:798                                  Hi                                 -
  21-02-2024 17:35:45:534:157            Server performed 1 cycle                                 -
  21-02-2024 17:35:45:534:313                     keypressedValue                                 -1
  21-02-2024 17:35:45:534:382                      dronePositionY                                 15
  21-02-2024 17:35:45:534:447                      dronePositionX                                 15
  21-02-2024 17:35:45:634:699            Server performed 1 cycle                                 -
  21-02-2024 17:35:45:634:777                     keypressedValue                                 -1
  21-02-2024 17:35:45:634:799                      dronePositionY                                 15
  21-02-2024 17:35:45:634:819                      dronePositionX                                 15
   21-02-2024 17:35:45:704:28                                  Hi                                 -
  21-02-2024 17:35:45:735:523            Server performed 1 cycle                                 -
  21-02-2024 17:35:45:735:686                     keypressedValue                                 -1
  21-02-2024 17:35:45:735:754                      dronePositionY                                 15
  21-02-2024 17:35:45:735:820                      dronePositionX                                 15
  21-02-2024 17:35:45:836:147            Server performed 1 cycle                                 -
  21-02-2024 17:35:45:836:294                     keypressedValue                                 -1
  21-02-2024 17:35:45:836:364                      dronePositionY                                 15
  21-02-2024 17:35:45:836:429                      dronePositionX                                 15
  21-02-2024 17:35:45:905:512                                  Hi                                 -
  21-02-2024 17:35:45:936:944            Server performed 1 cycle                                 -
  21-02-2024 17:35:45:937:102                     keypressedValue                                 -1
  21-02-2024 17:35:45:937:171                      dronePositionY                                 15
  21-02-2024 17:35:45:937:236                      dronePositionX                                 15
   21-02-2024 17:35:46:37:795            Server performed 1 cycle                                 -
   21-02-2024 17:35:46:37:960                     keypressedValue                                 -1
    21-02-2024 17:35:46:38:29                      dronePositionY                                 15
    21-02-2024 17:35:46:38:95                      dronePositionX                                 15
  21-02-2024 17:35:46:107:278                                  Hi                                 -
  21-02-2024 17:35:46:138:893            Server performed 1 cycle                                 -
   21-02-2024 17:35:46:139:60                     keypressedValue                                 -1
  21-02-2024 17:35:46:139:158                      dronePositionY                                 15
  21-02-2024 17:35:46:139:227                      dronePositionX                                 15
  21-02-2024 17:35:46:239:786            Server performed 1 cycle                                 -
  21-02-2024 17:35:46:239:986                     keypressedValue                                 -1
   21-02-2024 17:35:46:240:63                      dronePositionY                                 15
  21-02-2024 17:35:46:240:130                      dronePositionX                                 15
  21-02-2024 17:35:46:309:185                                  Hi                                 -
  21-02-2024 17:35:46:340:622            Server performed 1 cycle                                 -
  21-02-2024 17:35:46:340:787                     keypressedValue                                 -1
  21-02-2024 17:35:46:340:857                      dronePositionY                                 15
  21-02-2024 17:35:46:340:921                      dronePositionX                                 15
  21-02-2024 17:35:46:441:451            Server performed 1 cycle                                 -
  21-02-2024 17:35:46:441:607                     keypressedValue                                 -1
  21-02-2024 17:35:46:441:677                      dronePositionY                                 15
  21-02-2024 17:35:46:441:742                      dronePositionX                                 15
   21-02-2024 17:35:46:511:98                                  Hi                                 -
  21-02-2024 17:35:46:542:534            Server performed 1 cycle                                 -
  21-02-2024 17:35:46:542:706                     keypressedValue                                 -1
  21-02-2024 17:35:46:542:777                      dronePositionY                                 15
  21-02-2024 17:35:46:542:843                      dronePositionX                                 15
  21-02-2024 17:35:46:643:441            Server performed 1 cycle                                 -
  21-02-2024 17:35:46:643:596                     keypressedValue                                 -1
  21-02-2024 17:35:46:643:664                      dronePositionY                                 15
  21-02-2024 17:35:46:643:729                      dronePositionX                                 15
  21-02-2024 17:35:46:712:740                                  Hi                                 -
  21-02-2024 17:35:46:744:327            Server performed 1 cycle                                 -
  21-02-2024 17:35:46:744:494                     keypressedValue                                 -1
  21-02-2024 17:35:46:744:562                      dronePositionY                                 15
  21-02-2024 17:35:46:744:628                      dronePositionX                                 15
  21-02-2024 17:35:46:844:900            Server performed 1 cycle                                 -
   21-02-2024 17:35:46:845:36                     keypressedValue                                 -1
   21-02-2024 17:35:46:845:98                      dronePositionY                                 15
  21-02-2024 17:35:46:845:156                      dronePositionX                                 15
  21-02-2024 17:35:46:945:693            Server performed 1 cycle                                 -
  21-02-2024 17:35:46:945:836                     keypressedValue                                 -1
  21-02-2024 17:35:46:945:898                      dronePositionY                                 15
  21-02-2024 17:35:46:945:957                      dronePositionX                                 15
   21-02-2024 17:35:47:15:135                                  Hi                                 -
   21-02-2024 17:35:47:46:414            Server performed 1 cycle                                 -
   21-02-2024 17:35:47:46:560                     keypressedValue                                 -1
   21-02-2024 17:35:47:46:657                      dronePositionY                                 15
   21-02-2024 17:35:47:46:776                      dronePositionX                                 15
  21-02-2024 17:35:47:147:607            Server performed 1 cycle                                 -
  21-02-2024 17:35:47:147:784                     keypressedValue                                 -1
  21-02-2024 17:35:47:147:887                      dronePositionY                                 15
  21-02-2024 17:35:47:147:962                      dronePositionX                                 15
  21-02-2024 17:35:47:216:781                                  Hi                                 -
  21-02-2024 17:35:47:248:444            Server performed 1 cycle                                 -
  21-02-2024 17:35:47:248:597                     keypressedValue                                 -1
  21-02-2024 17:35:47:248:659                      dronePositionY                                 15
  21-02-2024 17:35:47:248:718                      dronePositionX                                 15
  21-02-2024 17:35:47:348:980            Server performed 1 cycle                                 -
  21-02-2024 17:35:47:349:143                     keypressedValue                                 -1
  21-02-2024 17:35:47:349:218                      dronePositionY                                 15
  21-02-2024 17:35:47:349:280                      dronePositionX                                 15
  21-02-2024 17:35:47:418:572                                  Hi                                 -
  21-02-2024 17:35:47:449:827            Server performed 1 cycle                                 -
  21-02-2024 17:35:47:451:773                     keypressedValue                                 -1
  21-02-2024 17:35:47:451:888                      dronePositionY                                 15
  21-02-2024 17:35:47:451:958                      dronePositionX                                 15
  21-02-2024 17:35:47:552:437            Server performed 1 cycle                                 -
  21-02-2024 17:35:47:552:586                     keypressedValue                                 -1
  21-02-2024 17:35:47:552:656                      dronePositionY                                 15
  21-02-2024 17:35:47:552:721                      dronePositionX                                 15
  21-02-2024 17:35:47:620:710                                  Hi                                 -
  21-02-2024 17:35:47:657:143            Server performed 1 cycle                                 -
  21-02-2024 17:35:47:657:288                     keypressedValue                                 -1
  21-02-2024 17:35:47:657:352                      dronePositionY                                 15
  21-02-2024 17:35:47:657:411                      dronePositionX                                 15
  21-02-2024 17:35:47:757:708            Server performed 1 cycle                                 -
  21-02-2024 17:35:47:757:865                     keypressedValue                                 -1
  21-02-2024 17:35:47:757:934                      dronePositionY                                 15
  21-02-2024 17:35:47:757:998                      dronePositionX                                 15
  21-02-2024 17:35:47:822:946                                  Hi                                 -
  21-02-2024 17:35:47:858:506            Server performed 1 cycle                                 -
  21-02-2024 17:35:47:858:646                     keypressedValue                                 -1
  21-02-2024 17:35:47:858:709                      dronePositionY                                 15
  21-02-2024 17:35:47:858:768                      dronePositionX                                 15
  21-02-2024 17:35:47:959:146            Server performed 1 cycle                                 -
  21-02-2024 17:35:47:959:306                     keypressedValue                                 -1
  21-02-2024 17:35:47:959:378                      dronePositionY                                 15
  21-02-2024 17:35:47:959:445                      dronePositionX                                 15
   21-02-2024 17:35:48:24:683                                  Hi                                 -
   21-02-2024 17:35:48:59:955            Server performed 1 cycle                                 -
   21-02-2024 17:35:48:60:123                     keypressedValue                                 -1
   21-02-2024 17:35:48:60:229                      dronePositionY                                 15
   21-02-2024 17:35:48:60:330                      dronePositionX                                 15
  21-02-2024 17:35:48:160:636            Server performed 1 cycle                                 -
  21-02-2024 17:35:48:160:790                     keypressedValue                                 -1
  21-02-2024 17:35:48:160:861                      dronePositionY                                 15
  21-02-2024 17:35:48:160:926                      dronePositionX                                 15
  21-02-2024 17:35:48:226:399                                  Hi                                 -
  21-02-2024 17:35:48:261:368            Server performed 1 cycle                                 -
  21-02-2024 17:35:48:261:505                     keypressedValue                                 -1
  21-02-2024 17:35:48:261:570                      dronePositionY                                 15
  21-02-2024 17:35:48:261:628                      dronePositionX                                 15
  21-02-2024 17:35:48:361:914            Server performed 1 cycle                                 -
   21-02-2024 17:35:48:362:64                     keypressedValue                                 -1
  21-02-2024 17:35:48:362:133                      dronePositionY                                 15
  21-02-2024 17:35:48:362:197                      dronePositionX                                 15
  21-02-2024 17:35:48:462:416            Server performed 1 cycle                                 -
  21-02-2024 17:35:48:462:555                     keypressedValue                                 -1
  21-02-2024 17:35:48:462:624                      dronePositionY                                 15
  21-02-2024 17:35:48:462:688                      dronePositionX                                 15
  21-02-2024 17:35:48:528:443                                  Hi                                 -
  21-02-2024 17:35:48:563:191            Server performed 1 cycle                                 -
  21-02-2024 17:35:48:563:357                     keypressedValue                                 -1
  21-02-2024 17:35:48:563:426                      dronePositionY                                 15
  21-02-2024 17:35:48:563:491                      dronePositionX                                 15
  21-02-2024 17:35:48:663:759            Server performed 1 cycle                                 -
  21-02-2024 17:35:48:663:923                     keypressedValue                                 -1
  21-02-2024 17:35:48:663:992                      dronePositionY                                 15
   21-02-2024 17:35:48:664:51                      dronePositionX                                 15
  21-02-2024 17:35:48:730:295                                  Hi                                 -
  21-02-2024 17:35:48:764:557            Server performed 1 cycle                                 -
  21-02-2024 17:35:48:764:716                     keypressedValue                                 -1
  21-02-2024 17:35:48:764:786                      dronePositionY                                 15
  21-02-2024 17:35:48:764:850                      dronePositionX                                 15
   21-02-2024 17:35:48:865:92            Server performed 1 cycle                                 -
  21-02-2024 17:35:48:865:284                     keypressedValue                                 -1
  21-02-2024 17:35:48:865:385                      dronePositionY                                 15
  21-02-2024 17:35:48:865:485                      dronePositionX                                 15
  21-02-2024 17:35:48:932:658                                  Hi                                 -
   21-02-2024 17:35:48:966:79            Server performed 1 cycle                                 -
  21-02-2024 17:35:48:966:229                     keypressedValue                                 -1
  21-02-2024 17:35:48:966:297                      dronePositionY                                 15
  21-02-2024 17:35:48:966:361                      dronePositionX                                 15
   21-02-2024 17:35:49:66:626            Server performed 1 cycle                                 -
   21-02-2024 17:35:49:66:757                     keypressedValue                                 -1
   21-02-2024 17:35:49:66:820                      dronePositionY                                 15
   21-02-2024 17:35:49:66:877                      dronePositionX                                 15
  21-02-2024 17:35:49:134:325                                  Hi                                 -
  21-02-2024 17:35:49:167:281            Server performed 1 cycle                                 -
  21-02-2024 17:35:49:167:332                     keypressedValue                                 -1
  21-02-2024 17:35:49:167:354                      dronePositionY                                 15
  21-02-2024 17:35:49:167:373                      dronePositionX                                 15
  21-02-2024 17:35:49:267:564            Server performed 1 cycle                                 -
  21-02-2024 17:35:49:267:700                     keypressedValue                                 -1
  21-02-2024 17:35:49:267:762                      dronePositionY                                 15
  21-02-2024 17:35:49:267:820                      dronePositionX                                 15
  21-02-2024 17:35:49:368:115            Server performed 1 cycle                                 -
  21-02-2024 17:35:49:368:319                     keypressedValue                                 -1
  21-02-2024 17:35:49:368:422                      dronePositionY                                 15
  21-02-2024 17:35:49:368:490                      dronePositionX                                 15
  21-02-2024 17:35:49:436:207                                  Hi                                 -
  21-02-2024 17:35:49:468:986            Server performed 1 cycle                                 -
  21-02-2024 17:35:49:469:126                     keypressedValue                                 -1
  21-02-2024 17:35:49:469:188                      dronePositionY                                 15
  21-02-2024 17:35:49:469:246                      dronePositionX                                 15
  21-02-2024 17:35:49:569:532            Server performed 1 cycle                                 -
  21-02-2024 17:35:49:569:671                     keypressedValue                                 -1
  21-02-2024 17:35:49:569:733                      dronePositionY                                 15
  21-02-2024 17:35:49:569:790                      dronePositionX                                 15
   21-02-2024 17:35:49:638:48                                  Hi                                 -
  21-02-2024 17:35:49:670:607            Server performed 1 cycle                                 -
  21-02-2024 17:35:49:670:753                     keypressedValue                                 -1
  21-02-2024 17:35:49:670:814                      dronePositionY                                 15
  21-02-2024 17:35:49:670:871                      dronePositionX                                 15
  21-02-2024 17:35:49:771:336            Server performed 1 cycle                                 -
  21-02-2024 17:35:49:771:496                     keypressedValue                                 -1
  21-02-2024 17:35:49:771:565                      dronePositionY                                 15
  21-02-2024 17:35:49:771:629                      dronePositionX                                 15
  21-02-2024 17:35:49:840:291                                  Hi                                 -
  21-02-2024 17:35:49:872:318            Server performed 1 cycle                                 -
  21-02-2024 17:35:49:872:468                     keypressedValue                                 -1
  21-02-2024 17:35:49:872:531                      dronePositionY                                 15
  21-02-2024 17:35:49:872:589                      dronePositionX                                 15
  21-02-2024 17:35:49:972:887            Server performed 1 cycle                                 -
   21-02-2024 17:35:49:973:44                     keypressedValue                                 -1
  21-02-2024 17:35:49:973:112                      dronePositionY                                 15
  21-02-2024 17:35:49:973:176                      dronePositionX                                 15
   21-02-2024 17:35:50:41:914                                  Hi                                 -
   21-02-2024 17:35:50:73:966            Server performed 1 cycle                                 -
   21-02-2024 17:35:50:74:112                     keypressedValue                                 -1
   21-02-2024 17:35:50:74:175                      dronePositionY                                 15
   21-02-2024 17:35:50:74:232                      dronePositionX                                 15
  21-02-2024 17:35:50:174:517            Server performed 1 cycle                                 -
  21-02-2024 17:35:50:174:662                     keypressedValue                                 -1
  21-02-2024 17:35:50:174:724                      dronePositionY                                 15
  21-02-2024 17:35:50:174:781                      dronePositionX                                 15
   21-02-2024 17:35:50:275:30            Server performed 1 cycle                                 -
  21-02-2024 17:35:50:275:153                     keypressedValue                                 -1
  21-02-2024 17:35:50:275:215                      dronePositionY                                 15
  21-02-2024 17:35:50:275:272                      dronePositionX                                 15
  21-02-2024 17:35:50:344:648                                  Hi                                 -
  21-02-2024 17:35:50:375:764            Server performed 1 cycle                                 -
  21-02-2024 17:35:50:375:934                     keypressedValue                                 -1
   21-02-2024 17:35:50:376:10                      dronePositionY                                 15
   21-02-2024 17:35:50:376:76                      dronePositionX                                 15
  21-02-2024 17:35:50:476:373            Server performed 1 cycle                                 -
  21-02-2024 17:35:50:476:501                     keypressedValue                                 -1
  21-02-2024 17:35:50:476:569                      dronePositionY                                 15
  21-02-2024 17:35:50:476:628                      dronePositionX                                 15
  21-02-2024 17:35:50:546:517                                  Hi                                 -
  21-02-2024 17:35:50:577:136            Server performed 1 cycle                                 -
  21-02-2024 17:35:50:577:299                     keypressedValue                                 -1
  21-02-2024 17:35:50:577:370                      dronePositionY                                 15
  21-02-2024 17:35:50:577:434                      dronePositionX                                 15
  21-02-2024 17:35:50:677:758            Server performed 1 cycle                                 -
  21-02-2024 17:35:50:677:920                     keypressedValue                                 -1
  21-02-2024 17:35:50:677:990                      dronePositionY                                 15
   21-02-2024 17:35:50:678:55                      dronePositionX                                 15
  21-02-2024 17:35:50:748:527                                  Hi                                 -
  21-02-2024 17:35:50:778:984            Server performed 1 cycle                                 -
  21-02-2024 17:35:50:779:173                     keypressedValue                                 -1
  21-02-2024 17:35:50:779:243                      dronePositionY                                 15
  21-02-2024 17:35:50:779:307                      dronePositionX                                 15
  21-02-2024 17:35:50:879:612            Server performed 1 cycle                                 -
  21-02-2024 17:35:50:879:765                     keypressedValue                                 -1
  21-02-2024 17:35:50:879:875                      dronePositionY                                 15
  21-02-2024 17:35:50:879:961                      dronePositionX                                 15
  21-02-2024 17:35:50:950:323                                  Hi                                 -
  21-02-2024 17:35:50:980:506            Server performed 1 cycle                                 -
  21-02-2024 17:35:50:980:671                     keypressedValue                                 -1
  21-02-2024 17:35:50:980:740                      dronePositionY                                 15
  21-02-2024 17:35:50:980:804                      dronePositionX                                 15
    21-02-2024 17:35:51:81:85            Server performed 1 cycle                                 -
   21-02-2024 17:35:51:81:229                     keypressedValue                                 -1
   21-02-2024 17:35:51:81:291                      dronePositionY                                 15
   21-02-2024 17:35:51:81:348                      dronePositionX                                 15
  21-02-2024 17:35:51:152:554                                  Hi                                 -
  21-02-2024 17:35:51:182:131            Server performed 1 cycle                                 -
  21-02-2024 17:35:51:182:297                     keypressedValue                                 -1
  21-02-2024 17:35:51:182:366                      dronePositionY                                 15
  21-02-2024 17:35:51:182:430                      dronePositionX                                 15
   21-02-2024 17:35:51:283:33            Server performed 1 cycle                                 -
  21-02-2024 17:35:51:283:194                     keypressedValue                                 -1
  21-02-2024 17:35:51:283:264                      dronePositionY                                 15
  21-02-2024 17:35:51:283:328                      dronePositionX                                 15
  21-02-2024 17:35:51:354:907                                  Hi                                 -
  21-02-2024 17:35:51:383:829            Server performed 1 cycle                                 -
   21-02-2024 17:35:51:384:28                     keypressedValue                                 -1
  21-02-2024 17:35:51:384:102                      dronePositionY                                 15
  21-02-2024 17:35:51:384:169                      dronePositionX                                 15
  21-02-2024 17:35:51:484:426            Server performed 1 cycle                                 -
  21-02-2024 17:35:51:484:586                     keypressedValue                                 -1
  21-02-2024 17:35:51:484:657                      dronePositionY                                 15
  21-02-2024 17:35:51:484:721                      dronePositionX                                 15
  21-02-2024 17:35:51:556:920                                  Hi                                 -
  21-02-2024 17:35:51:585:210            Server performed 1 cycle                                 -
  21-02-2024 17:35:51:585:365                     keypressedValue                                 -1
  21-02-2024 17:35:51:585:434                      dronePositionY                                 15
  21-02-2024 17:35:51:585:498                      dronePositionX                                 15
  21-02-2024 17:35:51:685:820            Server performed 1 cycle                                 -
  21-02-2024 17:35:51:685:976                     keypressedValue                                 -1
   21-02-2024 17:35:51:686:74                      dronePositionY                                 15
  21-02-2024 17:35:51:686:139                      dronePositionX                                 15
  21-02-2024 17:35:51:758:838                                  Hi                                 -
  21-02-2024 17:35:51:786:648            Server performed 1 cycle                                 -
  21-02-2024 17:35:51:786:814                     keypressedValue                                 -1
  21-02-2024 17:35:51:786:883                      dronePositionY                                 15
  21-02-2024 17:35:51:786:947                      dronePositionX                                 15
  21-02-2024 17:35:51:887:419            Server performed 1 cycle                                 -
  21-02-2024 17:35:51:887:581                     keypressedValue                                 -1
  21-02-2024 17:35:51:887:649                      dronePositionY                                 15
  21-02-2024 17:35:51:887:713                      dronePositionX                                 15
  21-02-2024 17:35:51:960:817                                  Hi                                 -
  21-02-2024 17:35:51:988:160            Server performed 1 cycle                                 -
  21-02-2024 17:35:51:988:310                     keypressedValue                                 -1
  21-02-2024 17:35:51:988:372                      dronePositionY                                 15
  21-02-2024 17:35:51:988:429                      dronePositionX                                 15
   21-02-2024 17:35:52:88:668            Server performed 1 cycle                                 -
   21-02-2024 17:35:52:88:814                     keypressedValue                                 -1
   21-02-2024 17:35:52:88:881                      dronePositionY                                 15
   21-02-2024 17:35:52:88:943                      dronePositionX                                 15
  21-02-2024 17:35:52:162:322                                  Hi                                 -
  21-02-2024 17:35:52:189:690            Server performed 1 cycle                                 -
  21-02-2024 17:35:52:189:993                     keypressedValue                                 -1
   21-02-2024 17:35:52:190:56                      dronePositionY                                 15
  21-02-2024 17:35:52:190:114                      dronePositionX                                 15
  21-02-2024 17:35:52:290:401            Server performed 1 cycle                                 -
  21-02-2024 17:35:52:290:540                     keypressedValue                                 -1
  21-02-2024 17:35:52:290:603                      dronePositionY                                 15
  21-02-2024 17:35:52:290:661                      dronePositionX                                 15
  21-02-2024 17:35:52:363:943                                  Hi                                 -
  21-02-2024 17:35:52:391:614            Server performed 1 cycle                                 -
  21-02-2024 17:35:52:391:894                     keypressedValue                                 -1
   21-02-2024 17:35:52:392:21                      dronePositionY                                 15
  21-02-2024 17:35:52:392:114                      dronePositionX                                 15
  21-02-2024 17:35:52:492:457            Server performed 1 cycle                                 -
  21-02-2024 17:35:52:492:600                     keypressedValue                                 -1
  21-02-2024 17:35:52:492:661                      dronePositionY                                 15
  21-02-2024 17:35:52:492:718                      dronePositionX                                 15
  21-02-2024 17:35:52:565:431                                  Hi                                 -
  21-02-2024 17:35:52:593:207            Server performed 1 cycle                                 -
  21-02-2024 17:35:52:593:375                     keypressedValue                                 -1
  21-02-2024 17:35:52:593:439                      dronePositionY                                 15
  21-02-2024 17:35:52:593:497                      dronePositionX                                 15
   21-02-2024 17:35:52:694:61            Server performed 1 cycle                                 -
  21-02-2024 17:35:52:694:223                     keypressedValue                                 -1
  21-02-2024 17:35:52:694:292                      dronePositionY                                 15
  21-02-2024 17:35:52:694:358                      dronePositionX                                 15
  21-02-2024 17:35:52:794:613            Server performed 1 cycle                                 -
  21-02-2024 17:35:52:794:750                     keypressedValue                                 -1
  21-02-2024 17:35:52:794:814                      dronePositionY                                 15
  21-02-2024 17:35:52:794:871                      dronePositionX                                 15
  21-02-2024 17:35:52:867:766                                  Hi                                 -
  21-02-2024 17:35:52:895:415            Server performed 1 cycle                                 -
  21-02-2024 17:35:52:895:560                     keypressedValue                                 -1
  21-02-2024 17:35:52:895:629                      dronePositionY                                 15
  21-02-2024 17:35:52:895:693                      dronePositionX                                 15
  21-02-2024 17:35:52:995:933            Server performed 1 cycle                                 -
  21-02-2024 17:35:52:996:104                     keypressedValue                                 -1
  21-02-2024 17:35:52:996:201                      dronePositionY                                 15
  21-02-2024 17:35:52:996:290                      dronePositionX                                 15
   21-02-2024 17:35:53:69:330                                  Hi                                 -
   21-02-2024 17:35:53:96:742            Server performed 1 cycle                                 -
   21-02-2024 17:35:53:96:810                     keypressedValue                                 -1
   21-02-2024 17:35:53:96:841                      dronePositionY                                 15
   21-02-2024 17:35:53:96:869                      dronePositionX                                 15
  21-02-2024 17:35:53:197:302            Server performed 1 cycle                                 -
  21-02-2024 17:35:53:197:473                     keypressedValue                                 -1
  21-02-2024 17:35:53:197:559                      dronePositionY                                 15
  21-02-2024 17:35:53:197:638                      dronePositionX                                 15
  21-02-2024 17:35:53:298:132            Server performed 1 cycle                                 -
  21-02-2024 17:35:53:298:310                     keypressedValue                                 -1
  21-02-2024 17:35:53:298:406                      dronePositionY                                 15
  21-02-2024 17:35:53:298:493                      dronePositionX                                 15
  21-02-2024 17:35:53:370:877                                  Hi                                 -
  21-02-2024 17:35:53:399:477            Server performed 1 cycle                                 -
  21-02-2024 17:35:53:399:656                     keypressedValue                                 -1
  21-02-2024 17:35:53:399:746                      dronePositionY                                 15
  21-02-2024 17:35:53:399:825                      dronePositionX                                 15
  21-02-2024 17:35:53:500:180            Server performed 1 cycle                                 -
  21-02-2024 17:35:53:500:334                     keypressedValue                                 -1
  21-02-2024 17:35:53:500:402                      dronePositionY                                 15
  21-02-2024 17:35:53:500:493                      dronePositionX                                 15
  21-02-2024 17:35:53:572:992                                  Hi                                 -
    21-02-2024 17:35:53:601:8            Server performed 1 cycle                                 -
  21-02-2024 17:35:53:601:151                     keypressedValue                                 -1
  21-02-2024 17:35:53:601:212                      dronePositionY                                 15
  21-02-2024 17:35:53:601:269                      dronePositionX                                 15
  21-02-2024 17:35:53:701:541            Server performed 1 cycle                                 -
  21-02-2024 17:35:53:701:709                   Read obstacle pos                                 -
  21-02-2024 17:35:53:701:861                 Echoed obstacle pos                                 -
  21-02-2024 17:35:53:701:954                         targetcount                                  8
   21-02-2024 17:35:53:702:16                              format                      10.000,55.000
   21-02-2024 17:35:53:702:81                              format                       2.000,40.000
  21-02-2024 17:35:53:702:143                              format                       5.000,88.000
  21-02-2024 17:35:53:702:226                              format                       0.000,44.000
  21-02-2024 17:35:53:702:287                              format                        9.000,1.000
  21-02-2024 17:35:53:702:343                              format                      23.000,40.000
  21-02-2024 17:35:53:702:400                              format                      12.000,46.000
  21-02-2024 17:35:53:702:456                              format                      16.000,96.000
  21-02-2024 17:35:53:702:515                      obstacles_YPos                                 55
  21-02-2024 17:35:53:702:571                      obstacles_YPos                                 40
  21-02-2024 17:35:53:702:625                      obstacles_YPos                                 88
  21-02-2024 17:35:53:702:679                      obstacles_YPos                                 44
  21-02-2024 17:35:53:702:733                      obstacles_YPos                                  1
  21-02-2024 17:35:53:702:788                      obstacles_YPos                                 40
  21-02-2024 17:35:53:702:843                      obstacles_YPos                                 46
  21-02-2024 17:35:53:702:897                      obstacles_YPos                                 96
  21-02-2024 17:35:53:702:951                      obstacles_YPos                                  0
    21-02-2024 17:35:53:703:5                      obstacles_YPos                                  0
   21-02-2024 17:35:53:703:60                      obstacles_YPos                                  0
  21-02-2024 17:35:53:703:115                      obstacles_YPos                                  0
  21-02-2024 17:35:53:703:170                      obstacles_YPos                                  0
  21-02-2024 17:35:53:703:226                      obstacles_YPos                                  0
  21-02-2024 17:35:53:703:280                      obstacles_YPos                                  0
  21-02-2024 17:35:53:703:334                      obstacles_YPos                                  0
  21-02-2024 17:35:53:703:388                      obstacles_YPos                                  0
  21-02-2024 17:35:53:703:443                      obstacles_YPos                                  0
  21-02-2024 17:35:53:703:497                      obstacles_YPos                                  0
  21-02-2024 17:35:53:703:551                      obstacles_YPos                                  0
  21-02-2024 17:35:53:703:626          Finished obstacles ycoords                                 -
  21-02-2024 17:35:53:703:721                      obstacles_XPos                                 10
  21-02-2024 17:35:53:703:815                      obstacles_XPos                                  2
  21-02-2024 17:35:53:703:983                      obstacles_XPos                                  5
   21-02-2024 17:35:53:704:73                      obstacles_XPos                                  0
  21-02-2024 17:35:53:704:161                      obstacles_XPos                                  9
  21-02-2024 17:35:53:704:245                      obstacles_XPos                                 23
  21-02-2024 17:35:53:704:332                      obstacles_XPos                                 12
  21-02-2024 17:35:53:704:407                      obstacles_XPos                                 16
  21-02-2024 17:35:53:704:479                      obstacles_XPos                                  0
  21-02-2024 17:35:53:704:536                      obstacles_XPos                                  0
  21-02-2024 17:35:53:704:591                      obstacles_XPos                                  0
  21-02-2024 17:35:53:704:646                      obstacles_XPos                                  0
  21-02-2024 17:35:53:704:701                      obstacles_XPos                                  0
  21-02-2024 17:35:53:704:756                      obstacles_XPos                                  0
  21-02-2024 17:35:53:704:811                      obstacles_XPos                                  0
  21-02-2024 17:35:53:704:866                      obstacles_XPos                                  0
  21-02-2024 17:35:53:704:920                      obstacles_XPos                                  0
  21-02-2024 17:35:53:704:975                      obstacles_XPos                                  0
   21-02-2024 17:35:53:705:29                      obstacles_XPos                                  0
   21-02-2024 17:35:53:705:84                      obstacles_XPos                                  0
  21-02-2024 17:35:53:705:139          Finished obstacles xcoords                                 -
  21-02-2024 17:35:53:705:211                     keypressedValue                                 -1
  21-02-2024 17:35:53:705:268                      dronePositionY                                 15
  21-02-2024 17:35:53:705:324                      dronePositionX                                 15
  21-02-2024 17:35:53:774:884                                  Hi                                 -
  21-02-2024 17:35:53:805:774            Server performed 1 cycle                                 -
  21-02-2024 17:35:53:805:909                     keypressedValue                                 -1
  21-02-2024 17:35:53:805:970                      dronePositionY                                 15
   21-02-2024 17:35:53:806:28                      dronePositionX                                 15
  21-02-2024 17:35:53:906:291            Server performed 1 cycle                                 -
  21-02-2024 17:35:53:906:455                     keypressedValue                                 -1
  21-02-2024 17:35:53:906:525                      dronePositionY                                 15
  21-02-2024 17:35:53:906:589                      dronePositionX                                 15
  21-02-2024 17:35:53:976:602                                  Hi                                 -
     21-02-2024 17:35:54:7:49            Server performed 1 cycle                                 -
    21-02-2024 17:35:54:7:180                     keypressedValue                                 -1
    21-02-2024 17:35:54:7:370                      dronePositionY                                 15
    21-02-2024 17:35:54:7:428                      dronePositionX                                 15
  21-02-2024 17:35:54:107:822            Server performed 1 cycle                                 -
  21-02-2024 17:35:54:107:902                     keypressedValue                                 -1
  21-02-2024 17:35:54:107:924                      dronePositionY                                 15
  21-02-2024 17:35:54:107:945                      dronePositionX                                 15
   21-02-2024 17:35:54:178:50                                  Hi                                 -
  21-02-2024 17:35:54:208:399            Server performed 1 cycle                                 -
  21-02-2024 17:35:54:208:549                     keypressedValue                                 -1
  21-02-2024 17:35:54:208:612                      dronePositionY                                 15
  21-02-2024 17:35:54:208:672                      dronePositionX                                 15
  21-02-2024 17:35:54:308:948            Server performed 1 cycle                                 -
   21-02-2024 17:35:54:309:99                     keypressedValue                                 -1
  21-02-2024 17:35:54:309:170                      dronePositionY                                 15
  21-02-2024 17:35:54:309:237                      dronePositionX                                 15
  21-02-2024 17:35:54:379:991                                  Hi                                 -
  21-02-2024 17:35:54:409:748            Server performed 1 cycle                                 -
  21-02-2024 17:35:54:409:877                     keypressedValue                                 -1
  21-02-2024 17:35:54:409:941                      dronePositionY                                 15
  21-02-2024 17:35:54:409:998                      dronePositionX                                 15
  21-02-2024 17:35:54:510:256            Server performed 1 cycle                                 -
  21-02-2024 17:35:54:510:388                     keypressedValue                                108
  21-02-2024 17:35:54:510:449                      dronePositionY                                 15
  21-02-2024 17:35:54:510:505                      dronePositionX                                 15
  21-02-2024 17:35:54:569:903                    Received SIGTERM                                 -
  21-02-2024 17:35:54:610:991            Server performed 1 cycle                                 -
  21-02-2024 17:35:54:611:127                     keypressedValue                                108
  21-02-2024 17:35:54:611:189                      dronePositionY                                 15
  21-02-2024 17:35:54:611:246                      dronePositionX                                 15
  21-02-2024 17:35:54:611:330         Closing all links and pipes                                 -
  21-02-2024 17:35:54:611:389                        STOP message                               STOP
  21-02-2024 17:35:54:611:522                   Sent STOP message                                 -
  21-02-2024 17:35:54:690:702                    Read target echo                                 -
  21-02-2024 17:35:54:690:739                         Target echo                               STOP
  21-02-2024 17:35:54:690:773                        STOP message                               STOP
  21-02-2024 17:35:54:690:839                   Sent STOP message                                 -
  21-02-2024 17:36:03:703:250                  Read obstacle echo                                 -
  21-02-2024 17:36:03:703:296                       obstacle echo                               STOP
  21-02-2024 17:36:03:703:344                Closed server_socket                                 -
  21-02-2024 17:36:03:703:410                       Closed target                                 -
  21-02-2024 17:36:03:703:467                     Closed obstacle                                 -
  21-02-2024 17:36:03:703:506               Closed watch2serverfd                                 -
  21-02-2024 17:36:03:703:542               Closed server2watchfd                                 -
  21-02-2024 17:36:03:703:579               Closed UI2server_read                                 -
  21-02-2024 17:36:03:703:616              Closed server2UI_write                                 -
  21-02-2024 17:36:03:703:651            Closed drone2server_read                                 -
  21-02-2024 17:36:03:703:686           Closed server2drone_write                                 -
  21-02-2024 17:36:03:703:729                       Closed UI_ack                                 -
  21-02-2024 17:36:03:703:761                    Closed drone_ack                                 -
  21-02-2024 17:36:03:703:794             Closed server2UItargetY                                 -
  21-02-2024 17:36:03:703:826             Closed server2UItargetX                                 -
  21-02-2024 17:36:03:703:873          Closed server2UIobstaclesY                                 -
  21-02-2024 17:36:03:703:904          Closed server2UIobstaclesX                                 -
  21-02-2024 17:36:03:703:934       Closed server2droneobstaclesY                                 -
  21-02-2024 17:36:03:703:965       Closed server2droneobstaclesX                                 -
  21-02-2024 17:36:03:703:994                     Killing process                                 -
