                     DATE/TIME                   MESSAGE/VARIABLE                               DATA
  21-02-2024 17:35:40:854:878                          server pid                              81118
   21-02-2024 17:35:40:855:43                              UI pid                              81136
  21-02-2024 17:35:40:855:139                           drone pid                              81138
  21-02-2024 17:35:40:855:268                        watchdog pid                              81134
  21-02-2024 17:35:40:855:360      sent watchdog pid to processes                                 -
  21-02-2024 17:35:41:855:617                         current pid                              81118
  21-02-2024 17:35:41:855:742               sent SIGUSR1 to 81118                                 -
  21-02-2024 17:35:41:956:657        received response from 81118                                 -
  21-02-2024 17:35:41:956:792                         current pid                              81136
  21-02-2024 17:35:41:956:907               sent SIGUSR1 to 81136                                 -
   21-02-2024 17:35:42:57:208        received response from 81136                                 -
   21-02-2024 17:35:42:57:325                         current pid                              81138
   21-02-2024 17:35:42:57:429               sent SIGUSR1 to 81138                                 -
  21-02-2024 17:35:42:157:725        received response from 81138                                 -
  21-02-2024 17:35:42:157:855                         current pid                              81118
  21-02-2024 17:35:42:157:972               sent SIGUSR1 to 81118                                 -
  21-02-2024 17:35:42:158:257        received response from 81118                                 -
  21-02-2024 17:35:42:158:351                         current pid                              81136
  21-02-2024 17:35:42:158:459               sent SIGUSR1 to 81136                                 -
  21-02-2024 17:35:42:258:964        received response from 81136                                 -
   21-02-2024 17:35:42:259:92                         current pid                              81138
  21-02-2024 17:35:42:259:209               sent SIGUSR1 to 81138                                 -
    21-02-2024 17:35:42:360:2        received response from 81138                                 -
  21-02-2024 17:35:42:360:136                         current pid                              81118
  21-02-2024 17:35:42:360:270               sent SIGUSR1 to 81118                                 -
  21-02-2024 17:35:42:372:836        received response from 81118                                 -
  21-02-2024 17:35:42:372:950                         current pid                              81136
   21-02-2024 17:35:42:373:61               sent SIGUSR1 to 81136                                 -
  21-02-2024 17:35:42:473:717        received response from 81136                                 -
  21-02-2024 17:35:42:473:835                         current pid                              81138
  21-02-2024 17:35:42:473:941               sent SIGUSR1 to 81138                                 -
  21-02-2024 17:35:42:574:546        received response from 81138                                 -
  21-02-2024 17:35:42:574:678                         current pid                              81118
  21-02-2024 17:35:42:574:793               sent SIGUSR1 to 81118                                 -
   21-02-2024 17:35:42:575:80        received response from 81118                                 -
  21-02-2024 17:35:42:575:175                         current pid                              81136
  21-02-2024 17:35:42:575:285               sent SIGUSR1 to 81136                                 -
  21-02-2024 17:35:42:675:950        received response from 81136                                 -
   21-02-2024 17:35:42:676:79                         current pid                              81138
  21-02-2024 17:35:42:676:196               sent SIGUSR1 to 81138                                 -
  21-02-2024 17:35:42:776:843        received response from 81138                                 -
  21-02-2024 17:35:42:776:975                         current pid                              81118
   21-02-2024 17:35:42:777:91               sent SIGUSR1 to 81118                                 -
  21-02-2024 17:35:42:777:358        received response from 81118                                 -
  21-02-2024 17:35:42:777:449                         current pid                              81136
  21-02-2024 17:35:42:777:561               sent SIGUSR1 to 81136                                 -
  21-02-2024 17:35:42:878:149        received response from 81136                                 -
  21-02-2024 17:35:42:878:265                         current pid                              81138
  21-02-2024 17:35:42:878:370               sent SIGUSR1 to 81138                                 -
  21-02-2024 17:35:42:979:226        received response from 81138                                 -
  21-02-2024 17:35:42:979:347                         current pid                              81118
  21-02-2024 17:35:42:979:452               sent SIGUSR1 to 81118                                 -
  21-02-2024 17:35:42:979:719        received response from 81118                                 -
  21-02-2024 17:35:42:979:806                         current pid                              81136
  21-02-2024 17:35:42:979:955               sent SIGUSR1 to 81136                                 -
   21-02-2024 17:35:43:80:365        received response from 81136                                 -
   21-02-2024 17:35:43:80:495                         current pid                              81138
   21-02-2024 17:35:43:80:611               sent SIGUSR1 to 81138                                 -
  21-02-2024 17:35:43:181:416        received response from 81138                                 -
  21-02-2024 17:35:43:181:543                         current pid                              81118
  21-02-2024 17:35:43:181:657               sent SIGUSR1 to 81118                                 -
  21-02-2024 17:35:43:181:925        received response from 81118                                 -
   21-02-2024 17:35:43:182:16                         current pid                              81136
  21-02-2024 17:35:43:182:125               sent SIGUSR1 to 81136                                 -
  21-02-2024 17:35:43:282:659        received response from 81136                                 -
  21-02-2024 17:35:43:282:779                         current pid                              81138
  21-02-2024 17:35:43:282:883               sent SIGUSR1 to 81138                                 -
  21-02-2024 17:35:43:383:358        received response from 81138                                 -
  21-02-2024 17:35:43:383:471                         current pid                              81118
  21-02-2024 17:35:43:383:556               sent SIGUSR1 to 81118                                 -
  21-02-2024 17:35:43:383:869        received response from 81118                                 -
  21-02-2024 17:35:43:383:948                         current pid                              81136
   21-02-2024 17:35:43:384:21               sent SIGUSR1 to 81136                                 -
  21-02-2024 17:35:43:484:300        received response from 81136                                 -
  21-02-2024 17:35:43:484:420                         current pid                              81138
  21-02-2024 17:35:43:484:504               sent SIGUSR1 to 81138                                 -
  21-02-2024 17:35:43:584:932        received response from 81138                                 -
   21-02-2024 17:35:43:585:46                         current pid                              81118
  21-02-2024 17:35:43:585:130               sent SIGUSR1 to 81118                                 -
  21-02-2024 17:35:43:585:495        received response from 81118                                 -
  21-02-2024 17:35:43:585:587                         current pid                              81136
  21-02-2024 17:35:43:585:695               sent SIGUSR1 to 81136                                 -
  21-02-2024 17:35:43:686:152        received response from 81136                                 -
  21-02-2024 17:35:43:686:263                         current pid                              81138
  21-02-2024 17:35:43:686:348               sent SIGUSR1 to 81138                                 -
  21-02-2024 17:35:43:786:770        received response from 81138                                 -
  21-02-2024 17:35:43:786:880                         current pid                              81118
  21-02-2024 17:35:43:786:966               sent SIGUSR1 to 81118                                 -
  21-02-2024 17:35:43:787:329        received response from 81118                                 -
  21-02-2024 17:35:43:787:421                         current pid                              81136
  21-02-2024 17:35:43:787:502               sent SIGUSR1 to 81136                                 -
  21-02-2024 17:35:43:887:864        received response from 81136                                 -
  21-02-2024 17:35:43:887:978                         current pid                              81138
   21-02-2024 17:35:43:888:63               sent SIGUSR1 to 81138                                 -
  21-02-2024 17:35:43:988:323        received response from 81138                                 -
  21-02-2024 17:35:43:988:424                         current pid                              81118
  21-02-2024 17:35:43:988:498               sent SIGUSR1 to 81118                                 -
   21-02-2024 17:35:44:88:880        received response from 81118                                 -
   21-02-2024 17:35:44:88:996                         current pid                              81136
   21-02-2024 17:35:44:89:101               sent SIGUSR1 to 81136                                 -
  21-02-2024 17:35:44:189:637        received response from 81136                                 -
  21-02-2024 17:35:44:189:766                         current pid                              81138
  21-02-2024 17:35:44:189:881               sent SIGUSR1 to 81138                                 -
  21-02-2024 17:35:44:290:596        received response from 81138                                 -
  21-02-2024 17:35:44:290:720                         current pid                              81118
  21-02-2024 17:35:44:290:806               sent SIGUSR1 to 81118                                 -
  21-02-2024 17:35:44:291:179        received response from 81118                                 -
  21-02-2024 17:35:44:291:271                         current pid                              81136
  21-02-2024 17:35:44:291:353               sent SIGUSR1 to 81136                                 -
  21-02-2024 17:35:44:391:927        received response from 81136                                 -
   21-02-2024 17:35:44:392:27                         current pid                              81138
  21-02-2024 17:35:44:392:104               sent SIGUSR1 to 81138                                 -
  21-02-2024 17:35:44:492:448        received response from 81138                                 -
  21-02-2024 17:35:44:492:550                         current pid                              81118
  21-02-2024 17:35:44:492:628               sent SIGUSR1 to 81118                                 -
  21-02-2024 17:35:44:492:949        received response from 81118                                 -
   21-02-2024 17:35:44:493:32                         current pid                              81136
  21-02-2024 17:35:44:493:106               sent SIGUSR1 to 81136                                 -
  21-02-2024 17:35:44:593:689        received response from 81136                                 -
  21-02-2024 17:35:44:593:791                         current pid                              81138
  21-02-2024 17:35:44:593:868               sent SIGUSR1 to 81138                                 -
  21-02-2024 17:35:44:694:410        received response from 81138                                 -
  21-02-2024 17:35:44:694:538                         current pid                              81118
  21-02-2024 17:35:44:694:619               sent SIGUSR1 to 81118                                 -
  21-02-2024 17:35:44:694:932        received response from 81118                                 -
   21-02-2024 17:35:44:695:15                         current pid                              81136
   21-02-2024 17:35:44:695:89               sent SIGUSR1 to 81136                                 -
  21-02-2024 17:35:44:795:680        received response from 81136                                 -
  21-02-2024 17:35:44:795:809                         current pid                              81138
  21-02-2024 17:35:44:795:969               sent SIGUSR1 to 81138                                 -
  21-02-2024 17:35:44:896:424        received response from 81138                                 -
  21-02-2024 17:35:44:896:584                         current pid                              81118
  21-02-2024 17:35:44:896:726               sent SIGUSR1 to 81118                                 -
  21-02-2024 17:35:44:997:124        received response from 81118                                 -
  21-02-2024 17:35:44:997:277                         current pid                              81136
  21-02-2024 17:35:44:997:413               sent SIGUSR1 to 81136                                 -
   21-02-2024 17:35:45:98:146        received response from 81136                                 -
   21-02-2024 17:35:45:98:226                         current pid                              81138
   21-02-2024 17:35:45:98:295               sent SIGUSR1 to 81138                                 -
   21-02-2024 17:35:45:199:11        received response from 81138                                 -
  21-02-2024 17:35:45:199:165                         current pid                              81118
  21-02-2024 17:35:45:199:303               sent SIGUSR1 to 81118                                 -
   21-02-2024 17:35:45:300:46        received response from 81118                                 -
  21-02-2024 17:35:45:300:190                         current pid                              81136
  21-02-2024 17:35:45:300:323               sent SIGUSR1 to 81136                                 -
  21-02-2024 17:35:45:400:763        received response from 81136                                 -
  21-02-2024 17:35:45:400:875                         current pid                              81138
  21-02-2024 17:35:45:400:964               sent SIGUSR1 to 81138                                 -
  21-02-2024 17:35:45:501:497        received response from 81138                                 -
  21-02-2024 17:35:45:501:599                         current pid                              81118
  21-02-2024 17:35:45:501:676               sent SIGUSR1 to 81118                                 -
   21-02-2024 17:35:45:502:16        received response from 81118                                 -
  21-02-2024 17:35:45:502:100                         current pid                              81136
  21-02-2024 17:35:45:502:172               sent SIGUSR1 to 81136                                 -
  21-02-2024 17:35:45:602:758        received response from 81136                                 -
  21-02-2024 17:35:45:602:874                         current pid                              81138
  21-02-2024 17:35:45:602:959               sent SIGUSR1 to 81138                                 -
  21-02-2024 17:35:45:703:700        received response from 81138                                 -
  21-02-2024 17:35:45:703:816                         current pid                              81118
  21-02-2024 17:35:45:703:949               sent SIGUSR1 to 81118                                 -
  21-02-2024 17:35:45:704:171        received response from 81118                                 -
  21-02-2024 17:35:45:704:240                         current pid                              81136
  21-02-2024 17:35:45:704:312               sent SIGUSR1 to 81136                                 -
  21-02-2024 17:35:45:804:628        received response from 81136                                 -
  21-02-2024 17:35:45:804:697                         current pid                              81138
  21-02-2024 17:35:45:804:748               sent SIGUSR1 to 81138                                 -
  21-02-2024 17:35:45:905:207        received response from 81138                                 -
  21-02-2024 17:35:45:905:308                         current pid                              81118
  21-02-2024 17:35:45:905:384               sent SIGUSR1 to 81118                                 -
  21-02-2024 17:35:45:905:730        received response from 81118                                 -
  21-02-2024 17:35:45:905:812                         current pid                              81136
  21-02-2024 17:35:45:905:885               sent SIGUSR1 to 81136                                 -
    21-02-2024 17:35:46:6:136        received response from 81136                                 -
    21-02-2024 17:35:46:6:256                         current pid                              81138
    21-02-2024 17:35:46:6:339               sent SIGUSR1 to 81138                                 -
  21-02-2024 17:35:46:106:972        received response from 81138                                 -
   21-02-2024 17:35:46:107:79                         current pid                              81118
  21-02-2024 17:35:46:107:157               sent SIGUSR1 to 81118                                 -
  21-02-2024 17:35:46:107:478        received response from 81118                                 -
  21-02-2024 17:35:46:107:562                         current pid                              81136
  21-02-2024 17:35:46:107:635               sent SIGUSR1 to 81136                                 -
  21-02-2024 17:35:46:208:393        received response from 81136                                 -
  21-02-2024 17:35:46:208:511                         current pid                              81138
  21-02-2024 17:35:46:208:596               sent SIGUSR1 to 81138                                 -
  21-02-2024 17:35:46:308:897        received response from 81138                                 -
  21-02-2024 17:35:46:308:988                         current pid                              81118
   21-02-2024 17:35:46:309:63               sent SIGUSR1 to 81118                                 -
  21-02-2024 17:35:46:309:402        received response from 81118                                 -
  21-02-2024 17:35:46:309:486                         current pid                              81136
  21-02-2024 17:35:46:309:559               sent SIGUSR1 to 81136                                 -
  21-02-2024 17:35:46:409:874        received response from 81136                                 -
  21-02-2024 17:35:46:409:976                         current pid                              81138
   21-02-2024 17:35:46:410:73               sent SIGUSR1 to 81138                                 -
  21-02-2024 17:35:46:510:759        received response from 81138                                 -
  21-02-2024 17:35:46:510:888                         current pid                              81118
  21-02-2024 17:35:46:510:992               sent SIGUSR1 to 81118                                 -
  21-02-2024 17:35:46:511:243        received response from 81118                                 -
  21-02-2024 17:35:46:511:327                         current pid                              81136
  21-02-2024 17:35:46:511:427               sent SIGUSR1 to 81136                                 -
  21-02-2024 17:35:46:611:688        received response from 81136                                 -
  21-02-2024 17:35:46:611:813                         current pid                              81138
  21-02-2024 17:35:46:611:989               sent SIGUSR1 to 81138                                 -
  21-02-2024 17:35:46:712:415        received response from 81138                                 -
  21-02-2024 17:35:46:712:534                         current pid                              81118
  21-02-2024 17:35:46:712:669               sent SIGUSR1 to 81118                                 -
  21-02-2024 17:35:46:813:333        received response from 81118                                 -
  21-02-2024 17:35:46:813:467                         current pid                              81136
  21-02-2024 17:35:46:813:582               sent SIGUSR1 to 81136                                 -
  21-02-2024 17:35:46:914:172        received response from 81136                                 -
  21-02-2024 17:35:46:914:298                         current pid                              81138
  21-02-2024 17:35:46:914:414               sent SIGUSR1 to 81138                                 -
   21-02-2024 17:35:47:14:817        received response from 81138                                 -
   21-02-2024 17:35:47:14:932                         current pid                              81118
    21-02-2024 17:35:47:15:34               sent SIGUSR1 to 81118                                 -
   21-02-2024 17:35:47:15:281        received response from 81118                                 -
   21-02-2024 17:35:47:15:365                         current pid                              81136
   21-02-2024 17:35:47:15:461               sent SIGUSR1 to 81136                                 -
  21-02-2024 17:35:47:115:905        received response from 81136                                 -
   21-02-2024 17:35:47:116:45                         current pid                              81138
  21-02-2024 17:35:47:116:164               sent SIGUSR1 to 81138                                 -
  21-02-2024 17:35:47:216:429        received response from 81138                                 -
  21-02-2024 17:35:47:216:556                         current pid                              81118
  21-02-2024 17:35:47:216:671               sent SIGUSR1 to 81118                                 -
  21-02-2024 17:35:47:216:953        received response from 81118                                 -
   21-02-2024 17:35:47:217:47                         current pid                              81136
  21-02-2024 17:35:47:217:158               sent SIGUSR1 to 81136                                 -
  21-02-2024 17:35:47:317:725        received response from 81136                                 -
  21-02-2024 17:35:47:317:842                         current pid                              81138
  21-02-2024 17:35:47:317:946               sent SIGUSR1 to 81138                                 -
  21-02-2024 17:35:47:418:252        received response from 81138                                 -
  21-02-2024 17:35:47:418:369                         current pid                              81118
  21-02-2024 17:35:47:418:459               sent SIGUSR1 to 81118                                 -
  21-02-2024 17:35:47:418:812        received response from 81118                                 -
  21-02-2024 17:35:47:418:910                         current pid                              81136
   21-02-2024 17:35:47:419:32               sent SIGUSR1 to 81136                                 -
  21-02-2024 17:35:47:519:640        received response from 81136                                 -
  21-02-2024 17:35:47:519:748                         current pid                              81138
  21-02-2024 17:35:47:519:873               sent SIGUSR1 to 81138                                 -
  21-02-2024 17:35:47:620:380        received response from 81138                                 -
  21-02-2024 17:35:47:620:492                         current pid                              81118
  21-02-2024 17:35:47:620:577               sent SIGUSR1 to 81118                                 -
  21-02-2024 17:35:47:620:950        received response from 81118                                 -
   21-02-2024 17:35:47:621:42                         current pid                              81136
  21-02-2024 17:35:47:621:124               sent SIGUSR1 to 81136                                 -
  21-02-2024 17:35:47:721:712        received response from 81136                                 -
  21-02-2024 17:35:47:721:814                         current pid                              81138
  21-02-2024 17:35:47:721:903               sent SIGUSR1 to 81138                                 -
  21-02-2024 17:35:47:822:598        received response from 81138                                 -
  21-02-2024 17:35:47:822:724                         current pid                              81118
  21-02-2024 17:35:47:822:811               sent SIGUSR1 to 81118                                 -
  21-02-2024 17:35:47:823:180        received response from 81118                                 -
  21-02-2024 17:35:47:823:272                         current pid                              81136
  21-02-2024 17:35:47:823:354               sent SIGUSR1 to 81136                                 -
  21-02-2024 17:35:47:923:687        received response from 81136                                 -
  21-02-2024 17:35:47:923:798                         current pid                              81138
  21-02-2024 17:35:47:923:932               sent SIGUSR1 to 81138                                 -
   21-02-2024 17:35:48:24:375        received response from 81138                                 -
   21-02-2024 17:35:48:24:487                         current pid                              81118
   21-02-2024 17:35:48:24:572               sent SIGUSR1 to 81118                                 -
   21-02-2024 17:35:48:24:874        received response from 81118                                 -
   21-02-2024 17:35:48:24:985                         current pid                              81136
    21-02-2024 17:35:48:25:84               sent SIGUSR1 to 81136                                 -
  21-02-2024 17:35:48:125:484        received response from 81136                                 -
  21-02-2024 17:35:48:125:587                         current pid                              81138
  21-02-2024 17:35:48:125:675               sent SIGUSR1 to 81138                                 -
   21-02-2024 17:35:48:226:46        received response from 81138                                 -
  21-02-2024 17:35:48:226:168                         current pid                              81118
  21-02-2024 17:35:48:226:298               sent SIGUSR1 to 81118                                 -
  21-02-2024 17:35:48:326:879        received response from 81118                                 -
  21-02-2024 17:35:48:326:984                         current pid                              81136
   21-02-2024 17:35:48:327:60               sent SIGUSR1 to 81136                                 -
  21-02-2024 17:35:48:427:345        received response from 81136                                 -
  21-02-2024 17:35:48:427:441                         current pid                              81138
  21-02-2024 17:35:48:427:537               sent SIGUSR1 to 81138                                 -
  21-02-2024 17:35:48:528:113        received response from 81138                                 -
  21-02-2024 17:35:48:528:227                         current pid                              81118
  21-02-2024 17:35:48:528:311               sent SIGUSR1 to 81118                                 -
  21-02-2024 17:35:48:528:677        received response from 81118                                 -
  21-02-2024 17:35:48:528:767                         current pid                              81136
  21-02-2024 17:35:48:528:849               sent SIGUSR1 to 81136                                 -
  21-02-2024 17:35:48:629:177        received response from 81136                                 -
  21-02-2024 17:35:48:629:279                         current pid                              81138
  21-02-2024 17:35:48:629:356               sent SIGUSR1 to 81138                                 -
  21-02-2024 17:35:48:729:957        received response from 81138                                 -
   21-02-2024 17:35:48:730:64                         current pid                              81118
  21-02-2024 17:35:48:730:169               sent SIGUSR1 to 81118                                 -
  21-02-2024 17:35:48:730:515        received response from 81118                                 -
  21-02-2024 17:35:48:730:599                         current pid                              81136
  21-02-2024 17:35:48:730:671               sent SIGUSR1 to 81136                                 -
  21-02-2024 17:35:48:831:397        received response from 81136                                 -
  21-02-2024 17:35:48:831:516                         current pid                              81138
  21-02-2024 17:35:48:831:600               sent SIGUSR1 to 81138                                 -
  21-02-2024 17:35:48:932:317        received response from 81138                                 -
  21-02-2024 17:35:48:932:435                         current pid                              81118
  21-02-2024 17:35:48:932:520               sent SIGUSR1 to 81118                                 -
  21-02-2024 17:35:48:932:918        received response from 81118                                 -
    21-02-2024 17:35:48:933:9                         current pid                              81136
   21-02-2024 17:35:48:933:91               sent SIGUSR1 to 81136                                 -
   21-02-2024 17:35:49:33:599        received response from 81136                                 -
   21-02-2024 17:35:49:33:713                         current pid                              81138
   21-02-2024 17:35:49:33:798               sent SIGUSR1 to 81138                                 -
   21-02-2024 17:35:49:134:58        received response from 81138                                 -
  21-02-2024 17:35:49:134:174                         current pid                              81118
  21-02-2024 17:35:49:134:268               sent SIGUSR1 to 81118                                 -
  21-02-2024 17:35:49:234:960        received response from 81118                                 -
   21-02-2024 17:35:49:235:76                         current pid                              81136
  21-02-2024 17:35:49:235:164               sent SIGUSR1 to 81136                                 -
  21-02-2024 17:35:49:335:420        received response from 81136                                 -
  21-02-2024 17:35:49:335:512                         current pid                              81138
  21-02-2024 17:35:49:335:587               sent SIGUSR1 to 81138                                 -
  21-02-2024 17:35:49:435:903        received response from 81138                                 -
    21-02-2024 17:35:49:436:2                         current pid                              81118
   21-02-2024 17:35:49:436:82               sent SIGUSR1 to 81118                                 -
  21-02-2024 17:35:49:436:405        received response from 81118                                 -
  21-02-2024 17:35:49:436:478                         current pid                              81136
  21-02-2024 17:35:49:436:550               sent SIGUSR1 to 81136                                 -
  21-02-2024 17:35:49:536:906        received response from 81136                                 -
  21-02-2024 17:35:49:536:998                         current pid                              81138
   21-02-2024 17:35:49:537:89               sent SIGUSR1 to 81138                                 -
  21-02-2024 17:35:49:637:718        received response from 81138                                 -
  21-02-2024 17:35:49:637:833                         current pid                              81118
  21-02-2024 17:35:49:637:922               sent SIGUSR1 to 81118                                 -
  21-02-2024 17:35:49:638:287        received response from 81118                                 -
  21-02-2024 17:35:49:638:381                         current pid                              81136
  21-02-2024 17:35:49:638:463               sent SIGUSR1 to 81136                                 -
  21-02-2024 17:35:49:738:975        received response from 81136                                 -
  21-02-2024 17:35:49:739:119                         current pid                              81138
  21-02-2024 17:35:49:739:205               sent SIGUSR1 to 81138                                 -
  21-02-2024 17:35:49:839:950        received response from 81138                                 -
   21-02-2024 17:35:49:840:66                         current pid                              81118
  21-02-2024 17:35:49:840:152               sent SIGUSR1 to 81118                                 -
  21-02-2024 17:35:49:840:551        received response from 81118                                 -
  21-02-2024 17:35:49:840:644                         current pid                              81136
  21-02-2024 17:35:49:840:725               sent SIGUSR1 to 81136                                 -
   21-02-2024 17:35:49:941:25        received response from 81136                                 -
  21-02-2024 17:35:49:941:126                         current pid                              81138
  21-02-2024 17:35:49:941:205               sent SIGUSR1 to 81138                                 -
   21-02-2024 17:35:50:41:547        received response from 81138                                 -
   21-02-2024 17:35:50:41:678                         current pid                              81118
   21-02-2024 17:35:50:41:802               sent SIGUSR1 to 81118                                 -
  21-02-2024 17:35:50:142:324        received response from 81118                                 -
  21-02-2024 17:35:50:142:431                         current pid                              81136
  21-02-2024 17:35:50:142:509               sent SIGUSR1 to 81136                                 -
  21-02-2024 17:35:50:243:253        received response from 81136                                 -
  21-02-2024 17:35:50:243:368                         current pid                              81138
  21-02-2024 17:35:50:243:454               sent SIGUSR1 to 81138                                 -
  21-02-2024 17:35:50:344:313        received response from 81138                                 -
  21-02-2024 17:35:50:344:430                         current pid                              81118
  21-02-2024 17:35:50:344:517               sent SIGUSR1 to 81118                                 -
  21-02-2024 17:35:50:344:882        received response from 81118                                 -
  21-02-2024 17:35:50:344:975                         current pid                              81136
   21-02-2024 17:35:50:345:58               sent SIGUSR1 to 81136                                 -
  21-02-2024 17:35:50:445:616        received response from 81136                                 -
  21-02-2024 17:35:50:445:726                         current pid                              81138
  21-02-2024 17:35:50:445:803               sent SIGUSR1 to 81138                                 -
  21-02-2024 17:35:50:546:190        received response from 81138                                 -
  21-02-2024 17:35:50:546:302                         current pid                              81118
  21-02-2024 17:35:50:546:389               sent SIGUSR1 to 81118                                 -
  21-02-2024 17:35:50:546:751        received response from 81118                                 -
  21-02-2024 17:35:50:546:845                         current pid                              81136
  21-02-2024 17:35:50:546:926               sent SIGUSR1 to 81136                                 -
  21-02-2024 17:35:50:647:254        received response from 81136                                 -
  21-02-2024 17:35:50:647:367                         current pid                              81138
  21-02-2024 17:35:50:647:453               sent SIGUSR1 to 81138                                 -
  21-02-2024 17:35:50:748:210        received response from 81138                                 -
  21-02-2024 17:35:50:748:315                         current pid                              81118
  21-02-2024 17:35:50:748:395               sent SIGUSR1 to 81118                                 -
  21-02-2024 17:35:50:748:669        received response from 81118                                 -
  21-02-2024 17:35:50:748:733                         current pid                              81136
  21-02-2024 17:35:50:748:800               sent SIGUSR1 to 81136                                 -
  21-02-2024 17:35:50:849:107        received response from 81136                                 -
  21-02-2024 17:35:50:849:218                         current pid                              81138
  21-02-2024 17:35:50:849:301               sent SIGUSR1 to 81138                                 -
  21-02-2024 17:35:50:949:964        received response from 81138                                 -
   21-02-2024 17:35:50:950:79                         current pid                              81118
  21-02-2024 17:35:50:950:166               sent SIGUSR1 to 81118                                 -
  21-02-2024 17:35:50:950:548        received response from 81118                                 -
  21-02-2024 17:35:50:950:645                         current pid                              81136
  21-02-2024 17:35:50:950:735               sent SIGUSR1 to 81136                                 -
   21-02-2024 17:35:51:51:317        received response from 81136                                 -
   21-02-2024 17:35:51:51:434                         current pid                              81138
   21-02-2024 17:35:51:51:519               sent SIGUSR1 to 81138                                 -
  21-02-2024 17:35:51:152:243        received response from 81138                                 -
  21-02-2024 17:35:51:152:354                         current pid                              81118
  21-02-2024 17:35:51:152:433               sent SIGUSR1 to 81118                                 -
  21-02-2024 17:35:51:152:783        received response from 81118                                 -
  21-02-2024 17:35:51:152:868                         current pid                              81136
  21-02-2024 17:35:51:152:941               sent SIGUSR1 to 81136                                 -
  21-02-2024 17:35:51:253:693        received response from 81136                                 -
  21-02-2024 17:35:51:253:819                         current pid                              81138
  21-02-2024 17:35:51:253:903               sent SIGUSR1 to 81138                                 -
  21-02-2024 17:35:51:354:596        received response from 81138                                 -
  21-02-2024 17:35:51:354:702                         current pid                              81118
  21-02-2024 17:35:51:354:781               sent SIGUSR1 to 81118                                 -
  21-02-2024 17:35:51:355:127        received response from 81118                                 -
  21-02-2024 17:35:51:355:213                         current pid                              81136
  21-02-2024 17:35:51:355:287               sent SIGUSR1 to 81136                                 -
   21-02-2024 17:35:51:456:43        received response from 81136                                 -
  21-02-2024 17:35:51:456:153                         current pid                              81138
  21-02-2024 17:35:51:456:233               sent SIGUSR1 to 81138                                 -
  21-02-2024 17:35:51:556:624        received response from 81138                                 -
  21-02-2024 17:35:51:556:732                         current pid                              81118
  21-02-2024 17:35:51:556:812               sent SIGUSR1 to 81118                                 -
  21-02-2024 17:35:51:557:151        received response from 81118                                 -
  21-02-2024 17:35:51:557:236                         current pid                              81136
  21-02-2024 17:35:51:557:311               sent SIGUSR1 to 81136                                 -
  21-02-2024 17:35:51:657:904        received response from 81136                                 -
   21-02-2024 17:35:51:658:20                         current pid                              81138
  21-02-2024 17:35:51:658:134               sent SIGUSR1 to 81138                                 -
  21-02-2024 17:35:51:758:534        received response from 81138                                 -
  21-02-2024 17:35:51:758:641                         current pid                              81118
  21-02-2024 17:35:51:758:719               sent SIGUSR1 to 81118                                 -
   21-02-2024 17:35:51:759:62        received response from 81118                                 -
  21-02-2024 17:35:51:759:146                         current pid                              81136
  21-02-2024 17:35:51:759:220               sent SIGUSR1 to 81136                                 -
  21-02-2024 17:35:51:859:960        received response from 81136                                 -
   21-02-2024 17:35:51:860:80                         current pid                              81138
  21-02-2024 17:35:51:860:167               sent SIGUSR1 to 81138                                 -
  21-02-2024 17:35:51:960:515        received response from 81138                                 -
  21-02-2024 17:35:51:960:621                         current pid                              81118
  21-02-2024 17:35:51:960:699               sent SIGUSR1 to 81118                                 -
   21-02-2024 17:35:51:961:43        received response from 81118                                 -
  21-02-2024 17:35:51:961:128                         current pid                              81136
  21-02-2024 17:35:51:961:201               sent SIGUSR1 to 81136                                 -
   21-02-2024 17:35:52:61:521        received response from 81136                                 -
   21-02-2024 17:35:52:61:636                         current pid                              81138
   21-02-2024 17:35:52:61:724               sent SIGUSR1 to 81138                                 -
   21-02-2024 17:35:52:162:45        received response from 81138                                 -
  21-02-2024 17:35:52:162:137                         current pid                              81118
  21-02-2024 17:35:52:162:212               sent SIGUSR1 to 81118                                 -
  21-02-2024 17:35:52:162:537        received response from 81118                                 -
  21-02-2024 17:35:52:162:622                         current pid                              81136
  21-02-2024 17:35:52:162:698               sent SIGUSR1 to 81136                                 -
  21-02-2024 17:35:52:262:971        received response from 81136                                 -
   21-02-2024 17:35:52:263:64                         current pid                              81138
  21-02-2024 17:35:52:263:139               sent SIGUSR1 to 81138                                 -
  21-02-2024 17:35:52:363:555        received response from 81138                                 -
  21-02-2024 17:35:52:363:696                         current pid                              81118
  21-02-2024 17:35:52:363:796               sent SIGUSR1 to 81118                                 -
  21-02-2024 17:35:52:364:100        received response from 81118                                 -
  21-02-2024 17:35:52:364:191                         current pid                              81136
  21-02-2024 17:35:52:364:284               sent SIGUSR1 to 81136                                 -
  21-02-2024 17:35:52:464:538        received response from 81136                                 -
  21-02-2024 17:35:52:464:657                         current pid                              81138
  21-02-2024 17:35:52:464:754               sent SIGUSR1 to 81138                                 -
  21-02-2024 17:35:52:565:145        received response from 81138                                 -
  21-02-2024 17:35:52:565:269                         current pid                              81118
  21-02-2024 17:35:52:565:372               sent SIGUSR1 to 81118                                 -
  21-02-2024 17:35:52:665:740        received response from 81118                                 -
  21-02-2024 17:35:52:665:884                         current pid                              81136
  21-02-2024 17:35:52:665:983               sent SIGUSR1 to 81136                                 -
  21-02-2024 17:35:52:766:846        received response from 81136                                 -
  21-02-2024 17:35:52:766:958                         current pid                              81138
   21-02-2024 17:35:52:767:46               sent SIGUSR1 to 81138                                 -
  21-02-2024 17:35:52:867:407        received response from 81138                                 -
  21-02-2024 17:35:52:867:546                         current pid                              81118
  21-02-2024 17:35:52:867:639               sent SIGUSR1 to 81118                                 -
  21-02-2024 17:35:52:867:967        received response from 81118                                 -
   21-02-2024 17:35:52:868:46                         current pid                              81136
  21-02-2024 17:35:52:868:122               sent SIGUSR1 to 81136                                 -
  21-02-2024 17:35:52:968:715        received response from 81136                                 -
  21-02-2024 17:35:52:968:828                         current pid                              81138
  21-02-2024 17:35:52:968:915               sent SIGUSR1 to 81138                                 -
   21-02-2024 17:35:53:69:220        received response from 81138                                 -
   21-02-2024 17:35:53:69:260                         current pid                              81118
   21-02-2024 17:35:53:69:292               sent SIGUSR1 to 81118                                 -
  21-02-2024 17:35:53:169:541        received response from 81118                                 -
  21-02-2024 17:35:53:169:654                         current pid                              81136
  21-02-2024 17:35:53:169:739               sent SIGUSR1 to 81136                                 -
   21-02-2024 17:35:53:270:53        received response from 81136                                 -
  21-02-2024 17:35:53:270:151                         current pid                              81138
  21-02-2024 17:35:53:270:227               sent SIGUSR1 to 81138                                 -
  21-02-2024 17:35:53:370:608        received response from 81138                                 -
  21-02-2024 17:35:53:370:709                         current pid                              81118
  21-02-2024 17:35:53:370:787               sent SIGUSR1 to 81118                                 -
  21-02-2024 17:35:53:371:102        received response from 81118                                 -
  21-02-2024 17:35:53:371:187                         current pid                              81136
  21-02-2024 17:35:53:371:262               sent SIGUSR1 to 81136                                 -
  21-02-2024 17:35:53:471:571        received response from 81136                                 -
  21-02-2024 17:35:53:471:674                         current pid                              81138
  21-02-2024 17:35:53:471:751               sent SIGUSR1 to 81138                                 -
  21-02-2024 17:35:53:572:658        received response from 81138                                 -
  21-02-2024 17:35:53:572:771                         current pid                              81118
  21-02-2024 17:35:53:572:856               sent SIGUSR1 to 81118                                 -
  21-02-2024 17:35:53:573:227        received response from 81118                                 -
  21-02-2024 17:35:53:573:320                         current pid                              81136
  21-02-2024 17:35:53:573:401               sent SIGUSR1 to 81136                                 -
  21-02-2024 17:35:53:673:715        received response from 81136                                 -
  21-02-2024 17:35:53:673:814                         current pid                              81138
  21-02-2024 17:35:53:673:914               sent SIGUSR1 to 81138                                 -
  21-02-2024 17:35:53:774:620        received response from 81138                                 -
  21-02-2024 17:35:53:774:713                         current pid                              81118
  21-02-2024 17:35:53:774:779               sent SIGUSR1 to 81118                                 -
   21-02-2024 17:35:53:775:61        received response from 81118                                 -
  21-02-2024 17:35:53:775:132                         current pid                              81136
  21-02-2024 17:35:53:775:194               sent SIGUSR1 to 81136                                 -
  21-02-2024 17:35:53:875:702        received response from 81136                                 -
  21-02-2024 17:35:53:875:816                         current pid                              81138
  21-02-2024 17:35:53:875:932               sent SIGUSR1 to 81138                                 -
  21-02-2024 17:35:53:976:304        received response from 81138                                 -
  21-02-2024 17:35:53:976:406                         current pid                              81118
  21-02-2024 17:35:53:976:483               sent SIGUSR1 to 81118                                 -
  21-02-2024 17:35:53:976:821        received response from 81118                                 -
  21-02-2024 17:35:53:976:921                         current pid                              81136
  21-02-2024 17:35:53:976:998               sent SIGUSR1 to 81136                                 -
   21-02-2024 17:35:54:77:217        received response from 81136                                 -
   21-02-2024 17:35:54:77:264                         current pid                              81138
   21-02-2024 17:35:54:77:298               sent SIGUSR1 to 81138                                 -
  21-02-2024 17:35:54:177:718        received response from 81138                                 -
  21-02-2024 17:35:54:177:831                         current pid                              81118
  21-02-2024 17:35:54:177:916               sent SIGUSR1 to 81118                                 -
  21-02-2024 17:35:54:178:283        received response from 81118                                 -
  21-02-2024 17:35:54:178:377                         current pid                              81136
  21-02-2024 17:35:54:178:459               sent SIGUSR1 to 81136                                 -
  21-02-2024 17:35:54:278:789        received response from 81136                                 -
  21-02-2024 17:35:54:278:886                         current pid                              81138
  21-02-2024 17:35:54:278:964               sent SIGUSR1 to 81138                                 -
  21-02-2024 17:35:54:379:639        received response from 81138                                 -
  21-02-2024 17:35:54:379:768                         current pid                              81118
  21-02-2024 17:35:54:379:903               sent SIGUSR1 to 81118                                 -
  21-02-2024 17:35:54:480:215        received response from 81118                                 -
  21-02-2024 17:35:54:480:298                         current pid                              81136
  21-02-2024 17:35:54:480:369               sent SIGUSR1 to 81136                                 -
  21-02-2024 17:35:54:569:922        received response from 81136                                 -
   21-02-2024 17:35:54:570:36                         current pid                              81138
  21-02-2024 17:35:54:570:144               sent SIGUSR1 to 81138                                 -
